Using pre-set license
Built from '2020.3/staging' branch; Version is '2020.3.13f1 (71691879b7f5) revision 7432472'; Using compiler version '192528614'; Build Type 'Release'
OS: 'Windows 10 Home Single Language; OS build 22000.168; Version 2009; 64bit' Language: 'en' Physical Memory: 6081 MB
BatchMode: 1, IsHumanControllingUs: 0, StartBugReporterOnCrash: 0, Is64bit: 1, IsPro: 0

 COMMAND LINE ARGUMENTS:
C:\Program Files\Unity\Hub\Editor\2020.3.13f1\Editor\Unity.exe
-adb2
-batchMode
-noUpm
-name
AssetImportWorker0
-projectPath
C:/Unity_Projects/FlappyBird_Desktop
-logFile
Logs/AssetImportWorker0.log
-srvPort
59133
Successfully changed project path to: C:/Unity_Projects/FlappyBird_Desktop
C:/Unity_Projects/FlappyBird_Desktop
Using Asset Import Pipeline V2.
Refreshing native plugins compatible for Editor in 59.97 ms, found 5 plugins.
Preloading 0 native plugins for Editor in 0.00 ms.
Initialize engine version: 2020.3.13f1 (71691879b7f5)
[Subsystems] Discovering subsystems at path C:/Program Files/Unity/Hub/Editor/2020.3.13f1/Editor/Data/Resources/UnitySubsystems
[Subsystems] Discovering subsystems at path C:/Unity_Projects/FlappyBird_Desktop/Assets
GfxDevice: creating device client; threaded=0
Direct3D:
    Version:  Direct3D 11.0 [level 11.1]
    Renderer: NVIDIA GeForce GTX 1650 (ID=0x1f99)
    Vendor:   
    VRAM:     3965 MB
    Driver:   30.0.14.7168
Initialize mono
Mono path[0] = 'C:/Program Files/Unity/Hub/Editor/2020.3.13f1/Editor/Data/Managed'
Mono path[1] = 'C:/Program Files/Unity/Hub/Editor/2020.3.13f1/Editor/Data/MonoBleedingEdge/lib/mono/unityjit'
Mono config path = 'C:/Program Files/Unity/Hub/Editor/2020.3.13f1/Editor/Data/MonoBleedingEdge/etc'
Using monoOptions --debugger-agent=transport=dt_socket,embedding=1,server=y,suspend=n,address=127.0.0.1:56956
Begin MonoManager ReloadAssembly
Registering precompiled unity dll's ...
Register platform support module: C:/Program Files/Unity/Hub/Editor/2020.3.13f1/Editor/Data/PlaybackEngines/MacStandaloneSupport/UnityEditor.OSXStandalone.Extensions.dll
Register platform support module: C:/Program Files/Unity/Hub/Editor/2020.3.13f1/Editor/Data/PlaybackEngines/WindowsStandaloneSupport/UnityEditor.WindowsStandalone.Extensions.dll
Register platform support module: C:/Program Files/Unity/Hub/Editor/2020.3.13f1/Editor/Data/PlaybackEngines/LinuxStandaloneSupport/UnityEditor.LinuxStandalone.Extensions.dll
Registered in 0.002797 seconds.
Native extension for LinuxStandalone target not found
Native extension for WindowsStandalone target not found
Native extension for OSXStandalone target not found
Refreshing native plugins compatible for Editor in 50.43 ms, found 5 plugins.
Preloading 0 native plugins for Editor in 0.00 ms.
Mono: successfully reloaded assembly
- Completed reload, in  2.587 seconds
Platform modules already initialized, skipping
Registering precompiled user dll's ...
Registered in 0.011042 seconds.
Begin MonoManager ReloadAssembly
Native extension for LinuxStandalone target not found
Native extension for WindowsStandalone target not found
Native extension for OSXStandalone target not found
Refreshing native plugins compatible for Editor in 56.24 ms, found 5 plugins.
Preloading 0 native plugins for Editor in 0.00 ms.
Mono: successfully reloaded assembly
- Completed reload, in  1.416 seconds
Platform modules already initialized, skipping
========================================================================
Worker process is ready to serve import requests
Launched and connected shader compiler UnityShaderCompiler.exe after 0.05 seconds
Refreshing native plugins compatible for Editor in 0.77 ms, found 5 plugins.
Preloading 0 native plugins for Editor in 0.00 ms.
Unloading 2141 Unused Serialized files (Serialized files now loaded: 0)
System memory in use before: 108.2 MB.
System memory in use after: 108.1 MB.

Unloading 49 unused Assets to reduce memory usage. Loaded Objects now: 2620.
Total: 3.070600 ms (FindLiveObjects: 0.255600 ms CreateObjectMapping: 0.066700 ms MarkObjects: 2.577400 ms  DeleteObjects: 0.168800 ms)

AssetImportParameters requested are different than current active one (requested -> active):
  custom:framework-win-MediaFoundation: 216162199b28c13a410421893ffa2e32 -> 
  custom:video-decoder-ogg-theora: a1e56fd34408186e4bbccfd4996cb3dc -> 
  custom:container-muxer-webm: aa71ff27fc2769a1b78a27578f13a17b -> 
  custom:container-demuxer-webm: 4f35f7cbe854078d1ac9338744f61a02 -> 
  custom:container-demuxer-ogg: 62fdf1f143b41e24485cea50d1cbac27 -> 
  custom:video-encoder-webm-vp8: eb34c28f22e8b96e1ab97ce403110664 -> 
  custom:video-decoder-webm-vp8: 9c59270c3fd7afecdb556c50c9e8de78 -> 
  custom:audio-decoder-ogg-vorbis: bf7c407c2cedff20999df2af8eb42d56 -> 
  custom:audio-encoder-webm-vorbis: bf7c407c2cedff20999df2af8eb42d56 -> 
========================================================================
Received Import Request.
  path: Assets/Scenes/MainMenu.unity
  artifactKey: Guid(a77d739eafcc10347a590b729a7b6bd0) Importer(815301076,1909f56bfc062723c751e8b465ee728b)
Start importing Assets/Scenes/MainMenu.unity using Guid(a77d739eafcc10347a590b729a7b6bd0) Importer(815301076,1909f56bfc062723c751e8b465ee728b)  -> (artifact id: '05df44de9389f9f1ac9d6881cac20d42') in 0.024899 seconds 
  Import took 0.029236 seconds .

========================================================================
Received Import Request.
  Time since last request: 1743.754952 seconds.
  path: Assets/Fonts/JosefinSans-Bold.ttf
  artifactKey: Guid(ebf0a09b45d33be45b8a43a19c43155d) Importer(815301076,1909f56bfc062723c751e8b465ee728b)
Start importing Assets/Fonts/JosefinSans-Bold.ttf using Guid(ebf0a09b45d33be45b8a43a19c43155d) Importer(815301076,1909f56bfc062723c751e8b465ee728b)  -> (artifact id: 'cb5c683917c31298da4f6d35072e4618') in 0.221516 seconds 
  Import took 0.228238 seconds .

========================================================================
Received Import Request.
  Time since last request: 0.000258 seconds.
  path: Assets/Fonts/JosefinSans-SemiBoldItalic.ttf
  artifactKey: Guid(6ef8d0eb5b282e6489fea5eb395f6784) Importer(815301076,1909f56bfc062723c751e8b465ee728b)
Start importing Assets/Fonts/JosefinSans-SemiBoldItalic.ttf using Guid(6ef8d0eb5b282e6489fea5eb395f6784) Importer(815301076,1909f56bfc062723c751e8b465ee728b)  -> (artifact id: '952e7ee4fd830282c3e3376d1a08b7c9') in 0.028197 seconds 
  Import took 0.032552 seconds .

========================================================================
Received Import Request.
  Time since last request: 0.000271 seconds.
  path: Assets/Fonts/JosefinSans-Bold.ttf
  artifactKey: Guid(ebf0a09b45d33be45b8a43a19c43155d) Importer(815301076,1909f56bfc062723c751e8b465ee728b)
Start importing Assets/Fonts/JosefinSans-Bold.ttf using Guid(ebf0a09b45d33be45b8a43a19c43155d) Importer(815301076,1909f56bfc062723c751e8b465ee728b)  -> (artifact id: 'cb5c683917c31298da4f6d35072e4618') in 0.012477 seconds 
  Import took 0.016779 seconds .

========================================================================
Received Import Request.
  Time since last request: 0.000233 seconds.
  path: Assets/Fonts/JosefinSans-LightItalic.ttf
  artifactKey: Guid(d715b83c8e1a5734aa886ef2af78341c) Importer(815301076,1909f56bfc062723c751e8b465ee728b)
Start importing Assets/Fonts/JosefinSans-LightItalic.ttf using Guid(d715b83c8e1a5734aa886ef2af78341c) Importer(815301076,1909f56bfc062723c751e8b465ee728b)  -> (artifact id: '930f9469c7c67287cf5b8c76f182baea') in 0.028628 seconds 
  Import took 0.033288 seconds .

========================================================================
Received Import Request.
  Time since last request: 0.000273 seconds.
  path: Assets/Fonts/JosefinSans-ThinItalic.ttf
  artifactKey: Guid(9242d2a78c4df56489d071ea4e3d268e) Importer(815301076,1909f56bfc062723c751e8b465ee728b)
Start importing Assets/Fonts/JosefinSans-ThinItalic.ttf using Guid(9242d2a78c4df56489d071ea4e3d268e) Importer(815301076,1909f56bfc062723c751e8b465ee728b)  -> (artifact id: '80fcdc2484d3f273b8aff0cb63c0f49a') in 0.028622 seconds 
  Import took 0.033089 seconds .

========================================================================
Received Import Request.
  Time since last request: 0.000275 seconds.
  path: Assets/Fonts/JosefinSans-Regular.ttf
  artifactKey: Guid(3a43fb7ae736d8341a5c53aa719eda81) Importer(815301076,1909f56bfc062723c751e8b465ee728b)
Start importing Assets/Fonts/JosefinSans-Regular.ttf using Guid(3a43fb7ae736d8341a5c53aa719eda81) Importer(815301076,1909f56bfc062723c751e8b465ee728b)  -> (artifact id: '327ca0cea2502b821d1e5a8f2c15f6b9') in 0.027917 seconds 
  Import took 0.032542 seconds .

========================================================================
Received Import Request.
  Time since last request: 0.000245 seconds.
  path: Assets/Fonts/JosefinSans-Italic.ttf
  artifactKey: Guid(bd86e34c0d4949247a5904e60f2354c4) Importer(815301076,1909f56bfc062723c751e8b465ee728b)
Start importing Assets/Fonts/JosefinSans-Italic.ttf using Guid(bd86e34c0d4949247a5904e60f2354c4) Importer(815301076,1909f56bfc062723c751e8b465ee728b)  -> (artifact id: '66ff3508c6be3f9a4c532dd044d6dae9') in 0.029191 seconds 
  Import took 0.034224 seconds .

========================================================================
Received Import Request.
  Time since last request: 0.000228 seconds.
  path: Assets/Fonts/JosefinSans-SemiBold.ttf
  artifactKey: Guid(ffd2706c69c1d394992b1f4d7cfd614e) Importer(815301076,1909f56bfc062723c751e8b465ee728b)
Start importing Assets/Fonts/JosefinSans-SemiBold.ttf using Guid(ffd2706c69c1d394992b1f4d7cfd614e) Importer(815301076,1909f56bfc062723c751e8b465ee728b)  -> (artifact id: 'a95bdcb56d7d3a1c8fcb98d77c314d73') in 0.032143 seconds 
  Import took 0.037703 seconds .

========================================================================
Received Import Request.
  Time since last request: 0.000271 seconds.
  path: Assets/Fonts/JosefinSans-Thin.ttf
  artifactKey: Guid(c53f15881e5c5d04194568d7e2ff7644) Importer(815301076,1909f56bfc062723c751e8b465ee728b)
Start importing Assets/Fonts/JosefinSans-Thin.ttf using Guid(c53f15881e5c5d04194568d7e2ff7644) Importer(815301076,1909f56bfc062723c751e8b465ee728b)  -> (artifact id: 'fc798270c6a036365b9b4fef4c3ac83c') in 0.027460 seconds 
  Import took 0.032897 seconds .

========================================================================
Received Import Request.
  Time since last request: 0.000279 seconds.
  path: Assets/Fonts/JosefinSans-Light.ttf
  artifactKey: Guid(f7a07728aa7329848a51984d4bbbebb8) Importer(815301076,1909f56bfc062723c751e8b465ee728b)
Start importing Assets/Fonts/JosefinSans-Light.ttf using Guid(f7a07728aa7329848a51984d4bbbebb8) Importer(815301076,1909f56bfc062723c751e8b465ee728b)  -> (artifact id: '5d6a88014ba7b568c5ec9999111845a5') in 0.029603 seconds 
  Import took 0.034700 seconds .

========================================================================
Received Import Request.
  Time since last request: 0.000254 seconds.
  path: Assets/Fonts/JosefinSans-BoldItalic.ttf
  artifactKey: Guid(9f815c597d0594c47a0babfac56f3682) Importer(815301076,1909f56bfc062723c751e8b465ee728b)
Start importing Assets/Fonts/JosefinSans-BoldItalic.ttf using Guid(9f815c597d0594c47a0babfac56f3682) Importer(815301076,1909f56bfc062723c751e8b465ee728b)  -> (artifact id: 'c86802b7d082d07eca3231a67c63d1c4') in 0.027979 seconds 
  Import took 0.032781 seconds .

========================================================================
Received Prepare
Registering precompiled user dll's ...
Registered in 0.739028 seconds.
Begin MonoManager ReloadAssembly
Native extension for LinuxStandalone target not found
Native extension for WindowsStandalone target not found
Native extension for OSXStandalone target not found
Refreshing native plugins compatible for Editor in 0.70 ms, found 5 plugins.
Preloading 0 native plugins for Editor in 0.00 ms.
Mono: successfully reloaded assembly
- Completed reload, in  1.376 seconds
Platform modules already initialized, skipping
Refreshing native plugins compatible for Editor in 0.70 ms, found 5 plugins.
Preloading 0 native plugins for Editor in 0.00 ms.
Unloading 2136 Unused Serialized files (Serialized files now loaded: 0)
System memory in use before: 111.4 MB.
System memory in use after: 111.4 MB.

Unloading 38 unused Assets to reduce memory usage. Loaded Objects now: 2668.
Total: 3.099400 ms (FindLiveObjects: 0.271200 ms CreateObjectMapping: 0.067000 ms MarkObjects: 2.609100 ms  DeleteObjects: 0.149900 ms)

AssetImportParameters requested are different than current active one (requested -> active):
  custom:framework-win-MediaFoundation: 216162199b28c13a410421893ffa2e32 -> 
  custom:video-decoder-ogg-theora: a1e56fd34408186e4bbccfd4996cb3dc -> 
  custom:container-muxer-webm: aa71ff27fc2769a1b78a27578f13a17b -> 
  custom:container-demuxer-webm: 4f35f7cbe854078d1ac9338744f61a02 -> 
  custom:container-demuxer-ogg: 62fdf1f143b41e24485cea50d1cbac27 -> 
  custom:video-encoder-webm-vp8: eb34c28f22e8b96e1ab97ce403110664 -> 
  custom:video-decoder-webm-vp8: 9c59270c3fd7afecdb556c50c9e8de78 -> 
  custom:audio-decoder-ogg-vorbis: bf7c407c2cedff20999df2af8eb42d56 -> 
  custom:audio-encoder-webm-vorbis: bf7c407c2cedff20999df2af8eb42d56 -> 
========================================================================
Received Prepare
Refreshing native plugins compatible for Editor in 11.36 ms, found 5 plugins.
Preloading 0 native plugins for Editor in 0.00 ms.
Unloading 36 Unused Serialized files (Serialized files now loaded: 0)
System memory in use before: 70.0 MB.
System memory in use after: 69.9 MB.

Unloading 36 unused Assets to reduce memory usage. Loaded Objects now: 2668.
Total: 2.920600 ms (FindLiveObjects: 0.319300 ms CreateObjectMapping: 0.071700 ms MarkObjects: 2.379900 ms  DeleteObjects: 0.148800 ms)

AssetImportParameters requested are different than current active one (requested -> active):
  custom:framework-win-MediaFoundation: 216162199b28c13a410421893ffa2e32 -> 
  custom:video-decoder-ogg-theora: a1e56fd34408186e4bbccfd4996cb3dc -> 
  custom:container-muxer-webm: aa71ff27fc2769a1b78a27578f13a17b -> 
  custom:container-demuxer-webm: 4f35f7cbe854078d1ac9338744f61a02 -> 
  custom:container-demuxer-ogg: 62fdf1f143b41e24485cea50d1cbac27 -> 
  custom:video-encoder-webm-vp8: eb34c28f22e8b96e1ab97ce403110664 -> 
  custom:video-decoder-webm-vp8: 9c59270c3fd7afecdb556c50c9e8de78 -> 
  custom:audio-decoder-ogg-vorbis: bf7c407c2cedff20999df2af8eb42d56 -> 
  custom:audio-encoder-webm-vorbis: bf7c407c2cedff20999df2af8eb42d56 -> 
AssetImportWorkerClient::OnTransportError - code=2 error=End of file
